Copyright 1986-2021 Xilinx, Inc. All Rights Reserved.
-------------------------------------------------------------------------------------------
| Tool Version : Vivado v.2021.2.1 (win64) Build 3414424 Sun Dec 19 10:57:22 MST 2021
| Date         : Fri Apr 29 20:41:07 2022
| Host         : SHBZ running 64-bit major release  (build 9200)
| Command      : report_control_sets -verbose -file MY_SSD_wrapper_control_sets_placed.rpt
| Design       : MY_SSD_wrapper
| Device       : xc7z010
-------------------------------------------------------------------------------------------

Control Set Information

Table of Contents
-----------------
1. Summary
2. Histogram
3. Flip-Flop Distribution
4. Detailed Control Set Information

1. Summary
----------

+----------------------------------------------------------+-------+
|                          Status                          | Count |
+----------------------------------------------------------+-------+
| Total control sets                                       |    57 |
|    Minimum number of control sets                        |    57 |
|    Addition due to synthesis replication                 |     0 |
|    Addition due to physical synthesis replication        |     0 |
| Unused register locations in slices containing registers |   113 |
+----------------------------------------------------------+-------+
* Control sets can be merged at opt_design using control_set_merge or merge_equivalent_drivers
** Run report_qor_suggestions for automated merging and remapping suggestions


2. Histogram
------------

+--------------------+-------+
|       Fanout       | Count |
+--------------------+-------+
| Total control sets |    57 |
| >= 0 to < 4        |     2 |
| >= 4 to < 6        |    12 |
| >= 6 to < 8        |     1 |
| >= 8 to < 10       |    16 |
| >= 10 to < 12      |     3 |
| >= 12 to < 14      |     5 |
| >= 14 to < 16      |     2 |
| >= 16              |    16 |
+--------------------+-------+
* Control sets can be remapped at either synth_design or opt_design


3. Flip-Flop Distribution
-------------------------

+--------------+-----------------------+------------------------+-----------------+--------------+
| Clock Enable | Synchronous Set/Reset | Asynchronous Set/Reset | Total Registers | Total Slices |
+--------------+-----------------------+------------------------+-----------------+--------------+
| No           | No                    | No                     |             181 |           53 |
| No           | No                    | Yes                    |               0 |            0 |
| No           | Yes                   | No                     |              71 |           31 |
| Yes          | No                    | No                     |             442 |          103 |
| Yes          | No                    | Yes                    |               0 |            0 |
| Yes          | Yes                   | No                     |             233 |           65 |
+--------------+-----------------------+------------------------+-----------------+--------------+


4. Detailed Control Set Information
-----------------------------------

+-----------------------------------------------+--------------------------------------------------------------------------------------------------------------------------------------------------------------+-----------------------------------------------------------------------------------------------------------------------------------------------------+------------------+----------------+--------------+
|                  Clock Signal                 |                                                                         Enable Signal                                                                        |                                                                   Set/Reset Signal                                                                  | Slice Load Count | Bel Load Count | Bels / Slice |
+-----------------------------------------------+--------------------------------------------------------------------------------------------------------------------------------------------------------------+-----------------------------------------------------------------------------------------------------------------------------------------------------+------------------+----------------+--------------+
|  MY_SSD_i/processing_system7_0/inst/FCLK_CLK0 | MY_SSD_i/ps7_0_axi_periph/s00_couplers/auto_pc/inst/gen_axilite.gen_b2s_conv.axilite_b2s/WR.aw_channel_0/aw_cmd_fsm_0/FSM_sequential_state_reg[0]_1          | MY_SSD_i/ps7_0_axi_periph/s00_couplers/auto_pc/inst/gen_axilite.gen_b2s_conv.axilite_b2s/WR.aw_channel_0/aw_cmd_fsm_0/FSM_sequential_state_reg[0]_0 |                1 |              1 |         1.00 |
|  MY_SSD_i/processing_system7_0/inst/FCLK_CLK0 | MY_SSD_i/ps7_0_axi_periph/s00_couplers/auto_pc/inst/gen_axilite.gen_b2s_conv.axilite_b2s/WR.b_channel_0/bid_fifo_0/sel                                       |                                                                                                                                                     |                1 |              2 |         2.00 |
|  MY_SSD_i/processing_system7_0/inst/FCLK_CLK0 | MY_SSD_i/ps7_0_axi_periph/s00_couplers/auto_pc/inst/gen_axilite.gen_b2s_conv.axilite_b2s/RD.ar_channel_0/ar_cmd_fsm_0/m_axi_arready_2                        | MY_SSD_i/ps7_0_axi_periph/s00_couplers/auto_pc/inst/gen_axilite.gen_b2s_conv.axilite_b2s/RD.ar_channel_0/ar_cmd_fsm_0/FSM_sequential_state_reg[1]_0 |                2 |              4 |         2.00 |
|  MY_SSD_i/processing_system7_0/inst/FCLK_CLK0 |                                                                                                                                                              | MY_SSD_i/rst_ps7_0_50M/U0/EXT_LPF/lpf_int                                                                                                           |                2 |              4 |         2.00 |
|  MY_SSD_i/processing_system7_0/inst/FCLK_CLK0 |                                                                                                                                                              | MY_SSD_i/axi_gpio_0/U0/AXI_LITE_IPIF_I/I_SLAVE_ATTACHMENT/I_DECODER/bus2ip_rnw_i_reg                                                                |                1 |              4 |         4.00 |
|  MY_SSD_i/processing_system7_0/inst/FCLK_CLK0 |                                                                                                                                                              | MY_SSD_i/axi_gpio_0/U0/AXI_LITE_IPIF_I/I_SLAVE_ATTACHMENT/clear                                                                                     |                1 |              4 |         4.00 |
|  MY_SSD_i/processing_system7_0/inst/FCLK_CLK0 | MY_SSD_i/axi_gpio_0/U0/AXI_LITE_IPIF_I/I_SLAVE_ATTACHMENT/I_DECODER/E[0]                                                                                     | MY_SSD_i/axi_gpio_0/U0/AXI_LITE_IPIF_I/I_SLAVE_ATTACHMENT/SR[0]                                                                                     |                1 |              4 |         4.00 |
|  MY_SSD_i/processing_system7_0/inst/FCLK_CLK0 |                                                                                                                                                              | MY_SSD_i/ps7_0_axi_periph/s00_couplers/auto_pc/inst/gen_axilite.gen_b2s_conv.axilite_b2s/SI_REG/aw.aw_pipe/aresetn_d_reg[0]_0                       |                3 |              4 |         1.33 |
|  MY_SSD_i/processing_system7_0/inst/FCLK_CLK0 |                                                                                                                                                              | MY_SSD_i/ps7_0_axi_periph/s00_couplers/auto_pc/inst/gen_axilite.gen_b2s_conv.axilite_b2s/SI_REG/ar.ar_pipe/aresetn_d_reg[1]_inv_0                   |                2 |              4 |         2.00 |
|  MY_SSD_i/processing_system7_0/inst/FCLK_CLK0 | MY_SSD_i/axi_gpio_0/U0/AXI_LITE_IPIF_I/I_SLAVE_ATTACHMENT/start2                                                                                             | MY_SSD_i/axi_gpio_0/U0/AXI_LITE_IPIF_I/I_SLAVE_ATTACHMENT/I_DECODER/cs_ce_clr                                                                       |                1 |              4 |         4.00 |
|  MY_SSD_i/processing_system7_0/inst/FCLK_CLK0 | MY_SSD_i/axi_gpio_0/U0/AXI_LITE_IPIF_I/I_SLAVE_ATTACHMENT/bus2ip_addr_i[8]_i_1_n_0                                                                           | MY_SSD_i/axi_gpio_0/U0/AXI_LITE_IPIF_I/I_SLAVE_ATTACHMENT/SR[0]                                                                                     |                1 |              4 |         4.00 |
|  MY_SSD_i/processing_system7_0/inst/FCLK_CLK0 | MY_SSD_i/axi_gpio_0/U0/AXI_LITE_IPIF_I/I_SLAVE_ATTACHMENT/s_axi_rresp_i                                                                                      | MY_SSD_i/axi_gpio_0/U0/AXI_LITE_IPIF_I/I_SLAVE_ATTACHMENT/SR[0]                                                                                     |                1 |              5 |         5.00 |
|  MY_SSD_i/processing_system7_0/inst/FCLK_CLK0 | MY_SSD_i/ps7_0_axi_periph/s00_couplers/auto_pc/inst/gen_axilite.gen_b2s_conv.axilite_b2s/RD.r_channel_0/rd_data_fifo_0/cnt_read[4]_i_1__0_n_0                | MY_SSD_i/ps7_0_axi_periph/s00_couplers/auto_pc/inst/gen_axilite.gen_b2s_conv.axilite_b2s/areset_d1                                                  |                2 |              5 |         2.50 |
|  MY_SSD_i/processing_system7_0/inst/FCLK_CLK0 | MY_SSD_i/ps7_0_axi_periph/s00_couplers/auto_pc/inst/gen_axilite.gen_b2s_conv.axilite_b2s/RD.r_channel_0/transaction_fifo_0/cnt_read[4]_i_1_n_0               | MY_SSD_i/ps7_0_axi_periph/s00_couplers/auto_pc/inst/gen_axilite.gen_b2s_conv.axilite_b2s/areset_d1                                                  |                2 |              5 |         2.50 |
|  MY_SSD_i/processing_system7_0/inst/FCLK_CLK0 | MY_SSD_i/rst_ps7_0_50M/U0/SEQ/seq_cnt_en                                                                                                                     | MY_SSD_i/rst_ps7_0_50M/U0/SEQ/SEQ_COUNTER/clear                                                                                                     |                1 |              6 |         6.00 |
|  MY_SSD_i/processing_system7_0/inst/FCLK_CLK0 | MY_SSD_i/MY_SSD_0/inst/MY_SSD_v1_0_S00_AXI_inst/slv_reg3[31]_i_1_n_0                                                                                         | MY_SSD_i/MY_SSD_0/inst/MY_SSD_v1_0_S00_AXI_inst/slv_reg0[6]_i_1_n_0                                                                                 |                1 |              8 |         8.00 |
|  MY_SSD_i/processing_system7_0/inst/FCLK_CLK0 | MY_SSD_i/MY_SSD_0/inst/MY_SSD_v1_0_S00_AXI_inst/slv_reg2[23]_i_1_n_0                                                                                         | MY_SSD_i/MY_SSD_0/inst/MY_SSD_v1_0_S00_AXI_inst/slv_reg0[6]_i_1_n_0                                                                                 |                2 |              8 |         4.00 |
|  MY_SSD_i/processing_system7_0/inst/FCLK_CLK0 | MY_SSD_i/MY_SSD_0/inst/MY_SSD_v1_0_S00_AXI_inst/slv_reg3[23]_i_1_n_0                                                                                         | MY_SSD_i/MY_SSD_0/inst/MY_SSD_v1_0_S00_AXI_inst/slv_reg0[6]_i_1_n_0                                                                                 |                1 |              8 |         8.00 |
|  MY_SSD_i/processing_system7_0/inst/FCLK_CLK0 | MY_SSD_i/MY_SSD_0/inst/MY_SSD_v1_0_S00_AXI_inst/p_1_in[15]                                                                                                   | MY_SSD_i/MY_SSD_0/inst/MY_SSD_v1_0_S00_AXI_inst/slv_reg0[6]_i_1_n_0                                                                                 |                2 |              8 |         4.00 |
|  MY_SSD_i/processing_system7_0/inst/FCLK_CLK0 | MY_SSD_i/MY_SSD_0/inst/MY_SSD_v1_0_S00_AXI_inst/slv_reg2[15]_i_1_n_0                                                                                         | MY_SSD_i/MY_SSD_0/inst/MY_SSD_v1_0_S00_AXI_inst/slv_reg0[6]_i_1_n_0                                                                                 |                2 |              8 |         4.00 |
|  MY_SSD_i/processing_system7_0/inst/FCLK_CLK0 | MY_SSD_i/MY_SSD_0/inst/MY_SSD_v1_0_S00_AXI_inst/slv_reg1[31]_i_1_n_0                                                                                         | MY_SSD_i/MY_SSD_0/inst/MY_SSD_v1_0_S00_AXI_inst/slv_reg0[6]_i_1_n_0                                                                                 |                1 |              8 |         8.00 |
|  MY_SSD_i/processing_system7_0/inst/FCLK_CLK0 | MY_SSD_i/MY_SSD_0/inst/MY_SSD_v1_0_S00_AXI_inst/slv_reg1[23]_i_1_n_0                                                                                         | MY_SSD_i/MY_SSD_0/inst/MY_SSD_v1_0_S00_AXI_inst/slv_reg0[6]_i_1_n_0                                                                                 |                1 |              8 |         8.00 |
|  MY_SSD_i/processing_system7_0/inst/FCLK_CLK0 | MY_SSD_i/MY_SSD_0/inst/MY_SSD_v1_0_S00_AXI_inst/p_1_in[23]                                                                                                   | MY_SSD_i/MY_SSD_0/inst/MY_SSD_v1_0_S00_AXI_inst/slv_reg0[6]_i_1_n_0                                                                                 |                4 |              8 |         2.00 |
|  MY_SSD_i/processing_system7_0/inst/FCLK_CLK0 | MY_SSD_i/MY_SSD_0/inst/MY_SSD_v1_0_S00_AXI_inst/slv_reg1[7]_i_1_n_0                                                                                          | MY_SSD_i/MY_SSD_0/inst/MY_SSD_v1_0_S00_AXI_inst/slv_reg0[6]_i_1_n_0                                                                                 |                1 |              8 |         8.00 |
|  MY_SSD_i/processing_system7_0/inst/FCLK_CLK0 | MY_SSD_i/MY_SSD_0/inst/MY_SSD_v1_0_S00_AXI_inst/slv_reg2[7]_i_1_n_0                                                                                          | MY_SSD_i/MY_SSD_0/inst/MY_SSD_v1_0_S00_AXI_inst/slv_reg0[6]_i_1_n_0                                                                                 |                1 |              8 |         8.00 |
|  MY_SSD_i/processing_system7_0/inst/FCLK_CLK0 | MY_SSD_i/MY_SSD_0/inst/MY_SSD_v1_0_S00_AXI_inst/slv_reg2[31]_i_1_n_0                                                                                         | MY_SSD_i/MY_SSD_0/inst/MY_SSD_v1_0_S00_AXI_inst/slv_reg0[6]_i_1_n_0                                                                                 |                2 |              8 |         4.00 |
|  MY_SSD_i/processing_system7_0/inst/FCLK_CLK0 | MY_SSD_i/MY_SSD_0/inst/MY_SSD_v1_0_S00_AXI_inst/slv_reg1[15]_i_1_n_0                                                                                         | MY_SSD_i/MY_SSD_0/inst/MY_SSD_v1_0_S00_AXI_inst/slv_reg0[6]_i_1_n_0                                                                                 |                2 |              8 |         4.00 |
|  MY_SSD_i/processing_system7_0/inst/FCLK_CLK0 | MY_SSD_i/ps7_0_axi_periph/s00_couplers/auto_pc/inst/gen_axilite.gen_b2s_conv.axilite_b2s/WR.b_channel_0/mhandshake_r                                         | MY_SSD_i/ps7_0_axi_periph/s00_couplers/auto_pc/inst/gen_axilite.gen_b2s_conv.axilite_b2s/WR.b_channel_0/bid_fifo_0/SR[0]                            |                4 |              8 |         2.00 |
|  MY_SSD_i/processing_system7_0/inst/FCLK_CLK0 | MY_SSD_i/MY_SSD_0/inst/MY_SSD_v1_0_S00_AXI_inst/slv_reg3[15]_i_1_n_0                                                                                         | MY_SSD_i/MY_SSD_0/inst/MY_SSD_v1_0_S00_AXI_inst/slv_reg0[6]_i_1_n_0                                                                                 |                1 |              8 |         8.00 |
|  MY_SSD_i/processing_system7_0/inst/FCLK_CLK0 | MY_SSD_i/MY_SSD_0/inst/MY_SSD_v1_0_S00_AXI_inst/slv_reg3[7]_i_1_n_0                                                                                          | MY_SSD_i/MY_SSD_0/inst/MY_SSD_v1_0_S00_AXI_inst/slv_reg0[6]_i_1_n_0                                                                                 |                1 |              8 |         8.00 |
|  MY_SSD_i/processing_system7_0/inst/FCLK_CLK0 | MY_SSD_i/MY_SSD_0/inst/MY_SSD_v1_0_S00_AXI_inst/p_1_in[31]                                                                                                   | MY_SSD_i/MY_SSD_0/inst/MY_SSD_v1_0_S00_AXI_inst/slv_reg0[6]_i_1_n_0                                                                                 |                2 |              8 |         4.00 |
|  MY_SSD_i/processing_system7_0/inst/FCLK_CLK0 |                                                                                                                                                              | MY_SSD_i/ps7_0_axi_periph/s00_couplers/auto_pc/inst/gen_axilite.gen_b2s_conv.axilite_b2s/areset_d1                                                  |                5 |             10 |         2.00 |
|  MY_SSD_i/processing_system7_0/inst/FCLK_CLK0 |                                                                                                                                                              | MY_SSD_i/MY_SSD_0/inst/MY_SSD_v1_0_S00_AXI_inst/slv_reg0[6]_i_1_n_0                                                                                 |                3 |             10 |         3.33 |
|  MY_SSD_i/processing_system7_0/inst/FCLK_CLK0 |                                                                                                                                                              | MY_SSD_i/ps7_0_axi_periph/xbar/inst/gen_sasd.crossbar_sasd_0/addr_arbiter_inst/SR[0]                                                                |                5 |             11 |         2.20 |
|  MY_SSD_i/processing_system7_0/inst/FCLK_CLK0 | MY_SSD_i/ps7_0_axi_periph/s00_couplers/auto_pc/inst/gen_axilite.gen_b2s_conv.axilite_b2s/WR.aw_channel_0/aw_cmd_fsm_0/m_valid_i_reg[0]                       |                                                                                                                                                     |                6 |             12 |         2.00 |
|  MY_SSD_i/processing_system7_0/inst/FCLK_CLK0 | MY_SSD_i/ps7_0_axi_periph/s00_couplers/auto_pc/inst/gen_axilite.gen_b2s_conv.axilite_b2s/RD.ar_channel_0/ar_cmd_fsm_0/sel_first_reg[0]                       |                                                                                                                                                     |                2 |             12 |         6.00 |
|  MY_SSD_i/processing_system7_0/inst/FCLK_CLK0 | MY_SSD_i/ps7_0_axi_periph/s00_couplers/auto_pc/inst/gen_axilite.gen_b2s_conv.axilite_b2s/WR.aw_channel_0/cmd_translator_0/incr_cmd_0/axaddr_incr[11]_i_1_n_0 |                                                                                                                                                     |                2 |             12 |         6.00 |
|  MY_SSD_i/processing_system7_0/inst/FCLK_CLK0 | MY_SSD_i/ps7_0_axi_periph/s00_couplers/auto_pc/inst/gen_axilite.gen_b2s_conv.axilite_b2s/RD.ar_channel_0/ar_cmd_fsm_0/E[0]                                   |                                                                                                                                                     |                6 |             12 |         2.00 |
|  MY_SSD_i/processing_system7_0/inst/FCLK_CLK0 | MY_SSD_i/ps7_0_axi_periph/s00_couplers/auto_pc/inst/gen_axilite.gen_b2s_conv.axilite_b2s/RD.r_channel_0/r_push_r                                             |                                                                                                                                                     |                4 |             13 |         3.25 |
|  MY_SSD_i/processing_system7_0/inst/FCLK_CLK0 | MY_SSD_i/ps7_0_axi_periph/s00_couplers/auto_pc/inst/gen_axilite.gen_b2s_conv.axilite_b2s/SI_REG/b.b_pipe/s_ready_i_reg_0                                     |                                                                                                                                                     |                2 |             14 |         7.00 |
|  MY_SSD_i/processing_system7_0/inst/FCLK_CLK0 | MY_SSD_i/ps7_0_axi_periph/s00_couplers/auto_pc/inst/gen_axilite.gen_b2s_conv.axilite_b2s/SI_REG/b.b_pipe/p_1_in                                              |                                                                                                                                                     |                2 |             14 |         7.00 |
|  MY_SSD_i/processing_system7_0/inst/FCLK_CLK0 | MY_SSD_i/ps7_0_axi_periph/s00_couplers/auto_pc/inst/gen_axilite.gen_b2s_conv.axilite_b2s/WR.aw_channel_0/aw_cmd_fsm_0/m_axi_awready_0                        |                                                                                                                                                     |                3 |             16 |         5.33 |
|  MY_SSD_i/processing_system7_0/inst/FCLK_CLK0 | MY_SSD_i/MY_SSD_0/inst/MY_SSD_v1_0_S00_AXI_inst/p_1_in[6]                                                                                                    | MY_SSD_i/MY_SSD_0/inst/MY_SSD_v1_0_S00_AXI_inst/slv_reg0[6]_i_1_n_0                                                                                 |                7 |             16 |         2.29 |
|  MY_SSD_i/processing_system7_0/inst/FCLK_CLK0 | MY_SSD_i/ps7_0_axi_periph/xbar/inst/gen_sasd.crossbar_sasd_0/addr_arbiter_inst/p_0_in1_in                                                                    | MY_SSD_i/ps7_0_axi_periph/xbar/inst/gen_sasd.crossbar_sasd_0/addr_arbiter_inst/SR[0]                                                                |                7 |             19 |         2.71 |
|  MY_SSD_i/processing_system7_0/inst/FCLK_CLK0 |                                                                                                                                                              | MY_SSD_i/axi_gpio_0/U0/AXI_LITE_IPIF_I/I_SLAVE_ATTACHMENT/SR[0]                                                                                     |                9 |             20 |         2.22 |
|  MY_SSD_i/processing_system7_0/inst/FCLK_CLK0 | MY_SSD_i/ps7_0_axi_periph/s00_couplers/auto_pc/inst/gen_axilite.gen_b2s_conv.axilite_b2s/RD.ar_channel_0/ar_cmd_fsm_0/m_axi_arready_2                        |                                                                                                                                                     |                9 |             21 |         2.33 |
|  MY_SSD_i/processing_system7_0/inst/FCLK_CLK0 | MY_SSD_i/ps7_0_axi_periph/s00_couplers/auto_pc/inst/gen_axilite.gen_b2s_conv.axilite_b2s/WR.aw_channel_0/aw_cmd_fsm_0/FSM_sequential_state_reg[0]_1          |                                                                                                                                                     |                8 |             24 |         3.00 |
|  MY_SSD_i/processing_system7_0/inst/FCLK_CLK0 | MY_SSD_i/MY_SSD_0/inst/MY_SSD_v1_0_S00_AXI_inst/slv_reg_rden__0                                                                                              | MY_SSD_i/MY_SSD_0/inst/MY_SSD_v1_0_S00_AXI_inst/slv_reg0[6]_i_1_n_0                                                                                 |               11 |             32 |         2.91 |
|  MY_SSD_i/processing_system7_0/inst/FCLK_CLK0 | MY_SSD_i/ps7_0_axi_periph/s00_couplers/auto_pc/inst/gen_axilite.gen_b2s_conv.axilite_b2s/RD.r_channel_0/rd_data_fifo_0/wr_en0                                |                                                                                                                                                     |                9 |             34 |         3.78 |
|  MY_SSD_i/processing_system7_0/inst/FCLK_CLK0 | MY_SSD_i/ps7_0_axi_periph/xbar/inst/gen_sasd.crossbar_sasd_0/addr_arbiter_inst/E[0]                                                                          |                                                                                                                                                     |                8 |             35 |         4.38 |
|  MY_SSD_i/processing_system7_0/inst/FCLK_CLK0 | MY_SSD_i/ps7_0_axi_periph/s00_couplers/auto_pc/inst/gen_axilite.gen_b2s_conv.axilite_b2s/SI_REG/r.r_pipe/s_ready_i_reg_0                                     |                                                                                                                                                     |                9 |             47 |         5.22 |
|  MY_SSD_i/processing_system7_0/inst/FCLK_CLK0 | MY_SSD_i/ps7_0_axi_periph/s00_couplers/auto_pc/inst/gen_axilite.gen_b2s_conv.axilite_b2s/SI_REG/r.r_pipe/p_1_in                                              |                                                                                                                                                     |                8 |             47 |         5.88 |
|  MY_SSD_i/processing_system7_0/inst/FCLK_CLK0 | MY_SSD_i/ps7_0_axi_periph/s00_couplers/auto_pc/inst/gen_axilite.gen_b2s_conv.axilite_b2s/WR.aw_channel_0/aw_cmd_fsm_0/E[0]                                   |                                                                                                                                                     |                8 |             48 |         6.00 |
|  MY_SSD_i/processing_system7_0/inst/FCLK_CLK0 | MY_SSD_i/ps7_0_axi_periph/s00_couplers/auto_pc/inst/gen_axilite.gen_b2s_conv.axilite_b2s/SI_REG/ar.ar_pipe/s_ready_i_reg_0                                   |                                                                                                                                                     |               11 |             48 |         4.36 |
|  MY_SSD_i/processing_system7_0/inst/FCLK_CLK0 | MY_SSD_i/ps7_0_axi_periph/s00_couplers/auto_pc/inst/gen_axilite.gen_b2s_conv.axilite_b2s/SI_REG/aw.aw_pipe/s_ready_i_reg_0                                   |                                                                                                                                                     |               11 |             48 |         4.36 |
|  MY_SSD_i/processing_system7_0/inst/FCLK_CLK0 | MY_SSD_i/ps7_0_axi_periph/s00_couplers/auto_pc/inst/gen_axilite.gen_b2s_conv.axilite_b2s/RD.ar_channel_0/ar_cmd_fsm_0/m_valid_i_reg[0]                       |                                                                                                                                                     |               11 |             48 |         4.36 |
|  MY_SSD_i/processing_system7_0/inst/FCLK_CLK0 |                                                                                                                                                              |                                                                                                                                                     |               54 |            182 |         3.37 |
+-----------------------------------------------+--------------------------------------------------------------------------------------------------------------------------------------------------------------+-----------------------------------------------------------------------------------------------------------------------------------------------------+------------------+----------------+--------------+


